make all --print-data-base --no-builtin-variables --no-builtin-rules --question
# GNU Make 3.81
# Copyright (C) 2006  Free Software Foundation, Inc.
# This is free software; see the source for copying conditions.
# There is NO warranty; not even for MERCHANTABILITY or FITNESS FOR A
# PARTICULAR PURPOSE.

# This program built for i386-apple-darwin11.3.0
 

# Make data base, printed on Tue Jun 21 09:08:23 2022

# Variables

# automatic
<D = $(patsubst %/,%,$(dir $<))
# automatic
?F = $(notdir $?)
# makefile (from `Makefile', line 18)
OBJ = $(SRC:$(SRCDIR)/%$(EXT)=$(OBJDIR)/%.o)
# makefile (from `Makefile', line 17)
SRC = $(wildcard $(SRCDIR)/*$(EXT))
# environment
VSCODE_LOG_NATIVE = false
# automatic
?D = $(patsubst %/,%,$(dir $?))
# automatic
@D = $(patsubst %/,%,$(dir $@))
# makefile (from `Makefile', line 25)
EXE = .exe
# automatic
@F = $(notdir $@)
# makefile
CURDIR := /Users/admin/Desktop/VGP130/Week1
# makefile
SHELL = /bin/sh
# makefile (from `Makefile', line 21)
RM = rm
# environment
VSCODE_NLS_CONFIG = {"locale":"en-us","availableLanguages":{},"_languagePackSupport":true}
# environment
_ = /usr/bin/make
# makefile (from `main.d', line 1)
MAKEFILE_LIST :=  Makefile Polygon.d main.d
# makefile (from `Makefile', line 7)
CXXFLAGS = -std=c++17 -Wall
# environment
VSCODE_VERBOSE_LOGGING = true
# makefile (from `Makefile', line 24)
DEL = del
# environment
VSCODE_IPC_HOOK_EXTHOST = /var/folders/cf/blspwc9s30b0s1z3_dnd6jvc0000gn/T/vscode-ipc-786d5d66-3cc6-4395-b235-34ab7f21c882.sock
# environment
VSCODE_CWD = /
# environment
Apple_PubSub_Socket_Render = /private/tmp/com.apple.launchd.sau7oaG833/Render
# environment
PATH = /anaconda3/bin:/anaconda3/condabin:/Users/admin/anaconda3/bin:/usr/local/bin:/usr/bin:/bin:/usr/sbin:/sbin:/usr/local/share/dotnet:~/.dotnet/tools:/Library/Frameworks/Mono.framework/Versions/Current/Commands:/Library/TeX/texbin
# makefile (from `Makefile', line 19)
DEP = $(OBJ:$(OBJDIR)/%.o=%.d)
# environment
VSCODE_LOG_STACK = false
# environment
ELECTRON_RUN_AS_NODE = 1
# makefile (from `Makefile', line 8)
LDFLAGS = 
# default
.FEATURES := target-specific order-only second-expansion else-if archives jobserver check-symlink
# environment
SSH_AUTH_SOCK = /private/tmp/com.apple.launchd.41Kl5dQewx/Listeners
# makefile (from `Makefile', line 13)
SRCDIR = .
# automatic
%F = $(notdir $%)
# environment
CONDA_EXE = /anaconda3/bin/conda
# environment
VSCODE_PIPE_LOGGING = true
# environment
PWD = /Users/admin/Desktop/VGP130/Week1
 
# environment
ORIGINAL_XDG_CURRENT_DESKTOP = undefined
# environment
VSCODE_AMD_ENTRYPOINT = vs/workbench/api/node/extensionHostProcess
# environment
HOME = /Users/admin
# default
MAKEFILEPATH = $(shell /usr/bin/xcode-select -print-path 2>/dev/null || echo /Developer)/Makefiles
# environment
VSCODE_CODE_CACHE_PATH = /Users/admin/Library/Application Support/Code/CachedData/c3511e6c69bb39013c4a4b7b9566ec1ca73fc4d5
# environment
LOGNAME = admin
# environment
APPLICATION_INSIGHTS_NO_DIAGNOSTIC_CHANNEL = 1
# makefile (from `Makefile', line 22)
DELOBJ = $(OBJ)
# environment
CONDA_PROMPT_MODIFIER = (base) 
# environment
VSCODE_HANDLES_UNCAUGHT_ERRORS = true
# automatic
^D = $(patsubst %/,%,$(dir $^))
# environment
CONDA_DEFAULT_ENV = base
# environment
XPC_FLAGS = 0x0
# default
MAKE = $(MAKE_COMMAND)
# default
MAKECMDGOALS := all
# environment
SHLVL = 2
# makefile (from `Makefile', line 6)
CC = g++
# default
MAKE_VERSION := 3.81
# environment
USER = admin
# makefile
.DEFAULT_GOAL := all
# automatic
%D = $(patsubst %/,%,$(dir $%))
# environment
CONDA_SHLVL = 1
# default
MAKE_COMMAND := /Library/Developer/CommandLineTools/usr/bin/make
# default
.VARIABLES := 
# environment
TMPDIR = /var/folders/cf/blspwc9s30b0s1z3_dnd6jvc0000gn/T/
# automatic
*F = $(notdir $*)
# environment
VSCODE_IPC_HOOK = /Users/admin/Library/Application Support/Code/1.67.2-main.sock
# makefile (from `Makefile', line 12)
EXT = .cpp
# makefile
MAKEFLAGS = Rrqp
# environment
MFLAGS = -Rrqp
# automatic
*D = $(patsubst %/,%,$(dir $*))
# environment
XPC_SERVICE_NAME = com.apple.xpc.launchd.oneshot.0x1000003f.Electron
# automatic
+D = $(patsubst %/,%,$(dir $+))
# automatic
+F = $(notdir $+)
# makefile (from `Makefile', line 11)
APPNAME = main
# environment
__CF_USER_TEXT_ENCODING = 0x1F5:0x0:0x52
# environment
COMMAND_MODE = unix2003
# default
MAKEFILES := 
# automatic
<F = $(notdir $<)
# makefile (from `Makefile', line 14)
OBJDIR = .
# environment
LC_ALL = C
# makefile (from `Makefile', line 26)
WDELOBJ = $(SRC:$(SRCDIR)/%$(EXT)=$(OBJDIR)\\%.o)
# environment
CONDA_PYTHON_EXE = /anaconda3/bin/python
# automatic
^F = $(notdir $^)
# default
SUFFIXES := 
# environment
_CE_M = 
# default
.INCLUDE_DIRS = /usr/local/include
# environment
MAKELEVEL := 0
# environment
CONDA_PREFIX = /anaconda3
# environment
VSCODE_PID = 15072
# environment
_CE_CONDA = 
# environment
LANG = C
# variable set hash-table stats:
# Load=85/1024=8%, Rehash=0, Collisions=5/136=4%

# Pattern-specific Variable Values

# No pattern-specific variable values.

# Directories

# . (device 16777218, inode 41431418): 15 files, no impossibilities.

# 15 files, no impossibilities in 1 directories.

# Implicit Rules

%.d: ./%.cpp
 
#  commands to execute (from `Makefile', line 40):
	@$(CPP) $(CFLAGS) $< -MM -MT $(@:%.d=$(OBJDIR)/%.o) >$@
	

%.o: ./%.cpp
#  commands to execute (from `Makefile', line 47):
	$(CC) $(CXXFLAGS) -o $@ -c $<
	

# 2 implicit rules, 0 (0.0%) terminal.

# Files

# Not a target:
libraries.h:
#  Implicit rule search has been done.
#  Last modified 2022-04-04 11:03:09
#  File has been updated.
#  Successfully updated.
# variable set hash-table stats:
# Load=0/32=0%, Rehash=0, Collisions=0/0=0%

all: main
#  Command-line target.
#  Implicit rule search has been done.
#  File does not exist.
#  File has been updated.
#  Successfully updated.
# variable set hash-table stats:
# Load=0/32=0%, Rehash=0, Collisions=0/0=0%

.PHONY: clean cleandep cleanw cleandepw
#  Implicit rule search has not been done.
#  Modification time never checked.
#  File has not been updated.

# Not a target:
Shape.h:
#  Implicit rule search has been done.
#  Last modified 2022-01-03 14:36:45
#  File has been updated.
#  Successfully updated.
# variable set hash-table stats:
# Load=0/32=0%, Rehash=0, Collisions=0/0=0%

Polygon.o: Polygon.cpp Polygon.cpp Polygon.h Shape.h libraries.h
#  Implicit rule search has been done.
#  Implicit/static pattern stem: `Polygon'
#  Last modified 2022-04-04 11:03:12
#  File has been updated.
#  Successfully updated.
# variable set hash-table stats:
# Load=0/32=0%, Rehash=0, Collisions=0/0=0%
#  commands to execute (from `Makefile', line 47):
	$(CC) $(CXXFLAGS) -o $@ -c $<
	

# Not a target:
.SUFFIXES:
#  Implicit rule search has not been done.
#  Modification time never checked.
#  File has not been updated.

# Not a target:
Makefile:
#  Implicit rule search has been done.
#  Last modified 2022-04-04 10:41:09
#  File has been updated.
#  Successfully updated.
# variable set hash-table stats:
# Load=0/32=0%, Rehash=0, Collisions=0/0=0%

# Not a target:
main.cpp:
#  Implicit rule search has been done.
#  Last modified 2022-04-05 20:03:22
#  File has been updated.
#  Successfully updated.
# variable set hash-table stats:
# Load=0/32=0%, Rehash=0, Collisions=0/0=0%

cleanw:
#  Phony target (prerequisite of .PHONY).
#  Implicit rule search has not been done.
#  File does not exist.
#  File has not been updated.
#  commands to execute (from `Makefile', line 64):
	$(DEL) $(WDELOBJ) $(DEP) $(APPNAME)$(EXE)
	

main.d: main.cpp
#  A default, MAKEFILES, or -include/sinclude makefile.
#  Implicit rule search has been done.
#  Implicit/static pattern stem: `main'
#  Last modified 2022-06-21 09:08:23
#  File has been updated.
#  Successfully updated.
# variable set hash-table stats:
# Load=0/32=0%, Rehash=0, Collisions=0/0=0%
#  commands to execute (from `Makefile', line 40):
	@$(CPP) $(CFLAGS) $< -MM -MT $(@:%.d=$(OBJDIR)/%.o) >$@
	

# Not a target:
.DEFAULT:
#  Implicit rule search has not been done.
#  Modification time never checked.
#  File has not been updated.

cleandep:
#  Phony target (prerequisite of .PHONY).
#  Implicit rule search has not been done.
#  File does not exist.
#  File has not been updated.
#  commands to execute (from `Makefile', line 58):
	$(RM) $(DEP)
	

cleandepw:
#  Phony target (prerequisite of .PHONY).
#  Implicit rule search has not been done.
#  File does not exist.
#  File has not been updated.
#  commands to execute (from `Makefile', line 69):
	$(DEL) $(DEP)
	

clean:
#  Phony target (prerequisite of .PHONY).
#  Implicit rule search has not been done.
#  File does not exist.
#  File has not been updated.
#  commands to execute (from `Makefile', line 53):
	$(RM) $(DELOBJ) $(DEP) $(APPNAME)
	

# Not a target:
Polygon.h:
#  Implicit rule search has been done.
#  Last modified 2022-03-28 09:57:13
#  File has been updated.
 
#  Successfully updated.
# variable set hash-table stats:
# Load=0/32=0%, Rehash=0, Collisions=0/0=0%

# Not a target:
Polygon.cpp:
#  Implicit rule search has been done.
#  Last modified 2022-03-28 09:59:52
#  File has been updated.
#  Successfully updated.
# variable set hash-table stats:
# Load=0/32=0%, Rehash=0, Collisions=0/0=0%

main: Polygon.o main.o
#  Implicit rule search has not been done.
#  Last modified 2022-04-05 20:03:26
#  File has been updated.
#  Successfully updated.
# variable set hash-table stats:
# Load=0/32=0%, Rehash=0, Collisions=0/0=0%
#  commands to execute (from `Makefile', line 36):
	$(CC) $(CXXFLAGS) -o $@ $^ $(LDFLAGS)
	

main.o: main.cpp main.cpp Polygon.h Shape.h libraries.h
#  Implicit rule search has been done.
#  Implicit/static pattern stem: `main'
#  Last modified 2022-04-05 20:03:26
#  File has been updated.
#  Successfully updated.
# variable set hash-table stats:
# Load=0/32=0%, Rehash=0, Collisions=0/0=0%
#  commands to execute (from `Makefile', line 47):
	$(CC) $(CXXFLAGS) -o $@ -c $<
	

Polygon.d: Polygon.cpp
#  A default, MAKEFILES, or -include/sinclude makefile.
#  Implicit rule search has been done.
#  Implicit/static pattern stem: `Polygon'
#  Last modified 2022-06-21 09:08:23
#  File has been updated.
#  Successfully updated.
# variable set hash-table stats:
# Load=0/32=0%, Rehash=0, Collisions=0/0=0%
#  commands to execute (from `Makefile', line 40):
	@$(CPP) $(CFLAGS) $< -MM -MT $(@:%.d=$(OBJDIR)/%.o) >$@
	

# files hash-table stats:
# Load=19/1024=2%, Rehash=0, Collisions=0/62=0%
# VPATH Search Paths

# No `vpath' search paths.

# No general (`VPATH' variable) search path.

# # of strings in strcache: 3
# # of strcache buffers: 1
# strcache size: total = 4096 / max = 4096 / min = 4096 / avg = 4096
# strcache free: total = 4070 / max = 4070 / min = 4070 / avg = 4070

# Finished Make data base on Tue Jun 21 09:08:23 2022

 
